<?xml version="1.0" encoding="UTF-8"?>
<testng-results ignored="0" total="1" passed="1" failed="0" skipped="0">
  <reporter-output>
  </reporter-output>
  <suite started-at="2023-01-16T20:43:43 CET" name="SeleniumTest" finished-at="2023-01-16T20:43:48 CET" duration-ms="4542">
    <groups>
    </groups>
    <test started-at="2023-01-16T20:43:43 CET" name="Command line test" finished-at="2023-01-16T20:43:48 CET" duration-ms="4542">
      <class name="SeleniumTest">
        <test-method signature="openGooglePage()[pri:0, instance:SeleniumTest@6483f5ae]" started-at="2023-01-16T20:43:43 CET" name="openGooglePage" finished-at="2023-01-16T20:43:48 CET" duration-ms="4504" status="PASS">
          <reporter-output>
          </reporter-output>
        </test-method> <!-- openGooglePage -->
      </class> <!-- SeleniumTest -->
    </test> <!-- Command line test -->
  </suite> <!-- SeleniumTest -->
</testng-results>
